[     403ms] [ERROR] Failed to load resource: the server responded with a status of 404 (Not Found) @ http://localhost:3000/pages/admin/agora-line-chart:0
[     406ms] [ERROR] Failed to load resource: the server responded with a status of 404 (Not Found) @ http://localhost:3000/pages/admin/agora-line-building:0
[     939ms] [ERROR] Failed to load resource: the server responded with a status of 401 (Unauthorized) @ http://localhost:3000/me:0
[    1113ms] [ERROR] Failed to load resource: the server responded with a status of 404 (Not Found) @ http://localhost:3000/pages/admin/agora-line-save:0
[    1113ms] [ERROR] Failed to load resource: the server responded with a status of 404 (Not Found) @ http://localhost:3000/pages/admin/agora-solid-save:0
[  419423ms] [ERROR] WebSocket connection to 'ws://localhost:3000/_next/webpack-hmr?id=DsJIuKbwk5p7MMI1ik4mF' failed: Error in connection establishment: net::ERR_CONNECTION_REFUSED @ http://localhost:3000/_next/static/chunks/node_modules_next_dist_client_17643121._.js:10877
[  420425ms] [ERROR] WebSocket connection to 'ws://localhost:3000/_next/webpack-hmr?id=DsJIuKbwk5p7MMI1ik4mF' failed: Error in connection establishment: net::ERR_CONNECTION_REFUSED @ http://localhost:3000/_next/static/chunks/node_modules_next_dist_client_17643121._.js:10877
[  421426ms] [ERROR] WebSocket connection to 'ws://localhost:3000/_next/webpack-hmr?id=DsJIuKbwk5p7MMI1ik4mF' failed: Error in connection establishment: net::ERR_CONNECTION_REFUSED @ http://localhost:3000/_next/static/chunks/node_modules_next_dist_client_17643121._.js:10877
[  422428ms] [ERROR] WebSocket connection to 'ws://localhost:3000/_next/webpack-hmr?id=DsJIuKbwk5p7MMI1ik4mF' failed: Error in connection establishment: net::ERR_CONNECTION_REFUSED @ http://localhost:3000/_next/static/chunks/node_modules_next_dist_client_17643121._.js:10877
[  423431ms] [ERROR] WebSocket connection to 'ws://localhost:3000/_next/webpack-hmr?id=DsJIuKbwk5p7MMI1ik4mF' failed: Error in connection establishment: net::ERR_CONNECTION_REFUSED @ http://localhost:3000/_next/static/chunks/node_modules_next_dist_client_17643121._.js:10877
[  431262ms] [ERROR] Failed to load resource: the server responded with a status of 401 (Unauthorized) @ http://localhost:3000/me:0
[  431382ms] [ERROR] Failed to load resource: the server responded with a status of 404 (Not Found) @ http://localhost:3000/pages/admin/agora-line-save:0
[  431393ms] [ERROR] Failed to load resource: the server responded with a status of 404 (Not Found) @ http://localhost:3000/pages/admin/agora-solid-save:0
[  431394ms] [ERROR] Failed to load resource: the server responded with a status of 404 (Not Found) @ http://localhost:3000/pages/admin/agora-line-chart:0
[  431395ms] [ERROR] Failed to load resource: the server responded with a status of 404 (Not Found) @ http://localhost:3000/pages/admin/agora-line-building:0
[  761078ms] [ERROR] WebSocket connection to 'ws://localhost:3000/_next/webpack-hmr?id=A9l1iourexEPTKtOwyE-a' failed: Error in connection establishment: net::ERR_CONNECTION_REFUSED @ http://localhost:3000/_next/static/chunks/node_modules_next_dist_client_17643121._.js:10877
[  762080ms] [ERROR] WebSocket connection to 'ws://localhost:3000/_next/webpack-hmr?id=A9l1iourexEPTKtOwyE-a' failed: Error in connection establishment: net::ERR_CONNECTION_REFUSED @ http://localhost:3000/_next/static/chunks/node_modules_next_dist_client_17643121._.js:10877
[  763082ms] [ERROR] WebSocket connection to 'ws://localhost:3000/_next/webpack-hmr?id=A9l1iourexEPTKtOwyE-a' failed: Error in connection establishment: net::ERR_CONNECTION_REFUSED @ http://localhost:3000/_next/static/chunks/node_modules_next_dist_client_17643121._.js:10877
[  764085ms] [ERROR] WebSocket connection to 'ws://localhost:3000/_next/webpack-hmr?id=A9l1iourexEPTKtOwyE-a' failed: Error in connection establishment: net::ERR_CONNECTION_REFUSED @ http://localhost:3000/_next/static/chunks/node_modules_next_dist_client_17643121._.js:10877
[  765089ms] [ERROR] WebSocket connection to 'ws://localhost:3000/_next/webpack-hmr?id=A9l1iourexEPTKtOwyE-a' failed: Error in connection establishment: net::ERR_CONNECTION_REFUSED @ http://localhost:3000/_next/static/chunks/node_modules_next_dist_client_17643121._.js:10877
[  774518ms] [ERROR] Failed to load resource: the server responded with a status of 404 (Not Found) @ http://localhost:3000/pages/admin/agora-line-chart:0
[  774521ms] [ERROR] Failed to load resource: the server responded with a status of 404 (Not Found) @ http://localhost:3000/pages/admin/agora-line-building:0
[  775000ms] [ERROR] Failed to load resource: the server responded with a status of 404 (Not Found) @ http://localhost:3000/pages/admin/agora-line-save:0
[  775006ms] [ERROR] Failed to load resource: the server responded with a status of 404 (Not Found) @ http://localhost:3000/pages/admin/agora-solid-save:0
[  775138ms] [ERROR] Failed to load resource: the server responded with a status of 401 (Unauthorized) @ http://localhost:3000/me:0
